[2014-07-31 11:29:58] myapp.INFO: Matched route "GET_example_query" (parameters: "_controller": "{}", "_route": "GET_example_query") [] []
[2014-07-31 11:29:58] myapp.DEBUG: > GET /example_query [] []
[2014-07-31 11:29:58] myapp.DEBUG: > GET /example_query [] []
[2014-07-31 11:29:58] myapp.DEBUG: < 200 [] []
[2014-07-31 11:29:58] myapp.DEBUG: < 200 [] []
[2014-07-31 11:30:13] myapp.INFO: Matched route "GET_add_job_illuminate" (parameters: "_controller": "{}", "_route": "GET_add_job_illuminate") [] []
[2014-07-31 11:30:13] myapp.DEBUG: > GET /add_job_illuminate [] []
[2014-07-31 11:30:13] myapp.DEBUG: > GET /add_job_illuminate [] []
[2014-07-31 11:33:35] myapp.INFO: Matched route "GET_add_job_illuminate" (parameters: "_controller": "{}", "_route": "GET_add_job_illuminate") [] []
[2014-07-31 11:33:35] myapp.DEBUG: > GET /add_job_illuminate [] []
[2014-07-31 11:33:35] myapp.DEBUG: > GET /add_job_illuminate [] []
[2014-07-31 11:34:37] myapp.INFO: Matched route "GET_add_job_illuminate" (parameters: "_controller": "{}", "_route": "GET_add_job_illuminate") [] []
[2014-07-31 11:34:37] myapp.DEBUG: > GET /add_job_illuminate [] []
[2014-07-31 11:34:37] myapp.DEBUG: > GET /add_job_illuminate [] []
[2014-07-31 11:34:37] myapp.INFO: Logging from queue.job.added.error messageClass encrypter does not exist [] []
[2014-07-31 11:34:37] myapp.DEBUG: < 400 [] []
[2014-07-31 11:34:37] myapp.DEBUG: < 400 [] []
[2014-07-31 11:38:00] myapp.INFO: Matched route "GET_add_job_illuminate" (parameters: "_controller": "{}", "_route": "GET_add_job_illuminate") [] []
[2014-07-31 11:38:00] myapp.DEBUG: > GET /add_job_illuminate [] []
[2014-07-31 11:38:00] myapp.DEBUG: > GET /add_job_illuminate [] []
[2014-07-31 11:38:01] myapp.INFO: Logging from queue.job.added.error messageClass encrypter does not exist [] []
[2014-07-31 11:38:01] myapp.DEBUG: < 400 [] []
[2014-07-31 11:38:01] myapp.DEBUG: < 400 [] []
[2014-07-31 11:49:48] myapp.INFO: Matched route "GET_example_query" (parameters: "_controller": "{}", "_route": "GET_example_query") [] []
[2014-07-31 11:49:48] myapp.DEBUG: > GET /example_query [] []
[2014-07-31 11:49:48] myapp.DEBUG: > GET /example_query [] []
[2014-07-31 11:49:48] myapp.DEBUG: < 200 [] []
[2014-07-31 11:49:48] myapp.DEBUG: < 200 [] []
[2014-07-31 11:49:54] myapp.INFO: Matched route "GET_add_job_illuminate" (parameters: "_controller": "{}", "_route": "GET_add_job_illuminate") [] []
[2014-07-31 11:49:54] myapp.DEBUG: > GET /add_job_illuminate [] []
[2014-07-31 11:49:54] myapp.DEBUG: > GET /add_job_illuminate [] []
[2014-07-31 11:49:54] myapp.INFO: Logging from queue.job.added.error messageClass encrypter does not exist [] []
[2014-07-31 11:49:54] myapp.DEBUG: < 400 [] []
[2014-07-31 11:49:54] myapp.DEBUG: < 400 [] []
[2014-07-31 11:53:28] myapp.INFO: Matched route "GET_add_job_illuminate" (parameters: "_controller": "{}", "_route": "GET_add_job_illuminate") [] []
[2014-07-31 11:53:28] myapp.DEBUG: > GET /add_job_illuminate [] []
[2014-07-31 11:53:28] myapp.DEBUG: > GET /add_job_illuminate [] []
[2014-07-31 11:53:28] myapp.INFO: Logging from queue.job.added.success vai passed Dispatcher Added job 84 [] []
[2014-07-31 11:53:28] myapp.DEBUG: < 200 [] []
[2014-07-31 11:53:28] myapp.DEBUG: < 200 [] []
[2014-07-31 11:53:50] myapp.INFO: Matched route "GET_add_job_illuminate" (parameters: "_controller": "{}", "_route": "GET_add_job_illuminate") [] []
[2014-07-31 11:53:50] myapp.DEBUG: > GET /add_job_illuminate [] []
[2014-07-31 11:53:50] myapp.DEBUG: > GET /add_job_illuminate [] []
[2014-07-31 11:53:51] myapp.INFO: Logging from queue.job.added.success vai passed Dispatcher Added job 85 [] []
[2014-07-31 11:53:51] myapp.DEBUG: < 200 [] []
[2014-07-31 11:53:51] myapp.DEBUG: < 200 [] []
[2014-07-31 11:54:27] myapp.INFO: Matched route "GET_get_job_illuminate" (parameters: "_controller": "{}", "_route": "GET_get_job_illuminate") [] []
[2014-07-31 11:54:27] myapp.DEBUG: > GET /get_job_illuminate [] []
[2014-07-31 11:54:27] myapp.DEBUG: > GET /get_job_illuminate [] []
[2014-07-31 11:54:27] myapp.DEBUG: < 200 [] []
[2014-07-31 11:54:27] myapp.DEBUG: < 200 [] []
[2014-07-31 11:56:05] myapp.INFO: Matched route "GET_get_job_illuminate" (parameters: "_controller": "{}", "_route": "GET_get_job_illuminate") [] []
[2014-07-31 11:56:05] myapp.DEBUG: > GET /get_job_illuminate [] []
[2014-07-31 11:56:05] myapp.DEBUG: > GET /get_job_illuminate [] []
[2014-07-31 11:56:05] myapp.DEBUG: < 200 [] []
[2014-07-31 11:56:05] myapp.DEBUG: < 200 [] []
[2014-07-31 11:56:48] myapp.INFO: Matched route "GET_get_job_illuminate" (parameters: "_controller": "{}", "_route": "GET_get_job_illuminate") [] []
[2014-07-31 11:56:48] myapp.DEBUG: > GET /get_job_illuminate [] []
[2014-07-31 11:56:48] myapp.DEBUG: > GET /get_job_illuminate [] []
[2014-07-31 11:56:48] myapp.DEBUG: < 200 [] []
[2014-07-31 11:56:48] myapp.DEBUG: < 200 [] []
[2014-07-31 11:57:44] myapp.INFO: Matched route "GET_get_job_illuminate" (parameters: "_controller": "{}", "_route": "GET_get_job_illuminate") [] []
[2014-07-31 11:57:44] myapp.DEBUG: > GET /get_job_illuminate [] []
[2014-07-31 11:57:44] myapp.DEBUG: > GET /get_job_illuminate [] []
[2014-07-31 11:57:44] myapp.INFO: Queue Job Failed () [] []
[2014-07-31 11:57:44] myapp.DEBUG: < 200 [] []
[2014-07-31 11:57:44] myapp.DEBUG: < 200 [] []
[2014-07-31 11:59:53] myapp.INFO: Matched route "GET_get_job_illuminate" (parameters: "_controller": "{}", "_route": "GET_get_job_illuminate") [] []
[2014-07-31 11:59:53] myapp.DEBUG: > GET /get_job_illuminate [] []
[2014-07-31 11:59:53] myapp.DEBUG: > GET /get_job_illuminate [] []
[2014-07-31 11:59:53] myapp.INFO: Queue Job Failed  [] []
[2014-07-31 11:59:53] myapp.DEBUG: < 200 [] []
[2014-07-31 11:59:53] myapp.DEBUG: < 200 [] []
[2014-07-31 12:01:34] myapp.INFO: Matched route "GET_get_job_illuminate" (parameters: "_controller": "{}", "_route": "GET_get_job_illuminate") [] []
[2014-07-31 12:01:34] myapp.DEBUG: > GET /get_job_illuminate [] []
[2014-07-31 12:01:34] myapp.DEBUG: > GET /get_job_illuminate [] []
[2014-07-31 12:01:34] myapp.INFO: Queue Job Failed Failed [] []
[2014-07-31 12:01:34] myapp.DEBUG: < 200 [] []
[2014-07-31 12:01:34] myapp.DEBUG: < 200 [] []
[2014-07-31 12:02:43] myapp.INFO: Matched route "GET_get_job_illuminate" (parameters: "_controller": "{}", "_route": "GET_get_job_illuminate") [] []
[2014-07-31 12:02:43] myapp.DEBUG: > GET /get_job_illuminate [] []
[2014-07-31 12:02:43] myapp.DEBUG: > GET /get_job_illuminate [] []
[2014-07-31 12:02:43] myapp.INFO: Queue Job Failed Failed [] []
[2014-07-31 12:02:43] myapp.DEBUG: < 200 [] []
[2014-07-31 12:02:43] myapp.DEBUG: < 200 [] []
[2014-07-31 12:05:36] myapp.INFO: Matched route "GET_get_job_illuminate" (parameters: "_controller": "{}", "_route": "GET_get_job_illuminate") [] []
[2014-07-31 12:05:36] myapp.DEBUG: > GET /get_job_illuminate [] []
[2014-07-31 12:05:36] myapp.DEBUG: > GET /get_job_illuminate [] []
[2014-07-31 12:05:36] myapp.INFO: Queue Job Failed Failed [] []
[2014-07-31 12:05:36] myapp.DEBUG: < 200 [] []
[2014-07-31 12:05:36] myapp.DEBUG: < 200 [] []
[2014-07-31 12:05:39] myapp.INFO: Matched route "GET_get_job_illuminate" (parameters: "_controller": "{}", "_route": "GET_get_job_illuminate") [] []
[2014-07-31 12:05:39] myapp.DEBUG: > GET /get_job_illuminate [] []
[2014-07-31 12:05:39] myapp.DEBUG: > GET /get_job_illuminate [] []
[2014-07-31 12:05:59] myapp.INFO: Matched route "GET_add_job_illuminate" (parameters: "_controller": "{}", "_route": "GET_add_job_illuminate") [] []
[2014-07-31 12:05:59] myapp.DEBUG: > GET /add_job_illuminate [] []
[2014-07-31 12:05:59] myapp.DEBUG: > GET /add_job_illuminate [] []
[2014-07-31 12:05:59] myapp.INFO: Logging from queue.job.added.success vai passed Dispatcher Added job 86 [] []
[2014-07-31 12:05:59] myapp.DEBUG: < 200 [] []
[2014-07-31 12:05:59] myapp.DEBUG: < 200 [] []
[2014-07-31 12:06:43] myapp.DEBUG: < 200 [] []
[2014-07-31 12:06:43] myapp.DEBUG: < 200 [] []
[2014-07-31 12:08:54] myapp.INFO: Matched route "GET_add_job_illuminate" (parameters: "_controller": "{}", "_route": "GET_add_job_illuminate") [] []
[2014-07-31 12:08:54] myapp.DEBUG: > GET /add_job_illuminate [] []
[2014-07-31 12:08:54] myapp.DEBUG: > GET /add_job_illuminate [] []
[2014-07-31 12:08:54] myapp.INFO: Logging from queue.job.added.success vai passed Dispatcher Added job 87 [] []
[2014-07-31 12:08:54] myapp.DEBUG: < 200 [] []
[2014-07-31 12:08:54] myapp.DEBUG: < 200 [] []
[2014-07-31 12:08:59] myapp.INFO: Matched route "GET_get_job_illuminate" (parameters: "_controller": "{}", "_route": "GET_get_job_illuminate") [] []
[2014-07-31 12:08:59] myapp.DEBUG: > GET /get_job_illuminate [] []
[2014-07-31 12:08:59] myapp.DEBUG: > GET /get_job_illuminate [] []
[2014-07-31 12:08:59] myapp.CRITICAL: Exception: Failed (uncaught exception) at /home/vagrant/Code/base_app/app/Foo/ExampleQueueIlluminateHandler.php line 20 {"exception":"[object] (Exception: Failed at /home/vagrant/Code/base_app/app/Foo/ExampleQueueIlluminateHandler.php:20)"} []
[2014-07-31 12:08:59] myapp.CRITICAL: Exception: Failed (uncaught exception) at /home/vagrant/Code/base_app/app/Foo/ExampleQueueIlluminateHandler.php line 20 {"exception":"[object] (Exception: Failed at /home/vagrant/Code/base_app/app/Foo/ExampleQueueIlluminateHandler.php:20)"} []
[2014-07-31 12:08:59] myapp.DEBUG: < 500 [] []
[2014-07-31 12:08:59] myapp.DEBUG: < 500 [] []
[2014-07-31 12:09:32] myapp.INFO: Matched route "GET_get_job_illuminate" (parameters: "_controller": "{}", "_route": "GET_get_job_illuminate") [] []
[2014-07-31 12:09:32] myapp.DEBUG: > GET /get_job_illuminate [] []
[2014-07-31 12:09:32] myapp.DEBUG: > GET /get_job_illuminate [] []
[2014-07-31 12:09:32] myapp.CRITICAL: Exception: Failed (uncaught exception) at /home/vagrant/Code/base_app/app/Foo/ExampleQueueIlluminateHandler.php line 20 {"exception":"[object] (Exception: Failed at /home/vagrant/Code/base_app/app/Foo/ExampleQueueIlluminateHandler.php:20)"} []
[2014-07-31 12:09:32] myapp.CRITICAL: Exception: Failed (uncaught exception) at /home/vagrant/Code/base_app/app/Foo/ExampleQueueIlluminateHandler.php line 20 {"exception":"[object] (Exception: Failed at /home/vagrant/Code/base_app/app/Foo/ExampleQueueIlluminateHandler.php:20)"} []
[2014-07-31 12:09:32] myapp.DEBUG: < 500 [] []
[2014-07-31 12:09:32] myapp.DEBUG: < 500 [] []
[2014-07-31 12:09:52] myapp.INFO: Matched route "GET_get_job_illuminate" (parameters: "_controller": "{}", "_route": "GET_get_job_illuminate") [] []
[2014-07-31 12:09:52] myapp.DEBUG: > GET /get_job_illuminate [] []
[2014-07-31 12:09:52] myapp.DEBUG: > GET /get_job_illuminate [] []
[2014-07-31 12:09:52] myapp.INFO: Queue Job Failed Failed [] []
[2014-07-31 12:09:52] myapp.DEBUG: < 200 [] []
[2014-07-31 12:09:52] myapp.DEBUG: < 200 [] []
[2014-07-31 12:09:59] myapp.INFO: Matched route "GET_get_job_illuminate" (parameters: "_controller": "{}", "_route": "GET_get_job_illuminate") [] []
[2014-07-31 12:09:59] myapp.DEBUG: > GET /get_job_illuminate [] []
[2014-07-31 12:09:59] myapp.DEBUG: > GET /get_job_illuminate [] []
[2014-07-31 12:09:59] myapp.CRITICAL: Exception: Failed (uncaught exception) at /home/vagrant/Code/base_app/app/Foo/ExampleQueueIlluminateHandler.php line 20 {"exception":"[object] (Exception: Failed at /home/vagrant/Code/base_app/app/Foo/ExampleQueueIlluminateHandler.php:20)"} []
[2014-07-31 12:09:59] myapp.CRITICAL: Exception: Failed (uncaught exception) at /home/vagrant/Code/base_app/app/Foo/ExampleQueueIlluminateHandler.php line 20 {"exception":"[object] (Exception: Failed at /home/vagrant/Code/base_app/app/Foo/ExampleQueueIlluminateHandler.php:20)"} []
[2014-07-31 12:09:59] myapp.DEBUG: < 500 [] []
[2014-07-31 12:09:59] myapp.DEBUG: < 500 [] []
[2014-07-31 12:19:54] myapp.INFO: Matched route "GET_get_job_illuminate" (parameters: "_controller": "{}", "_route": "GET_get_job_illuminate") [] []
[2014-07-31 12:19:54] myapp.DEBUG: > GET /get_job_illuminate [] []
[2014-07-31 12:19:54] myapp.DEBUG: > GET /get_job_illuminate [] []
[2014-07-31 12:21:49] myapp.INFO: Matched route "GET_get_job_illuminate" (parameters: "_controller": "{}", "_route": "GET_get_job_illuminate") [] []
[2014-07-31 12:21:49] myapp.DEBUG: > GET /get_job_illuminate [] []
[2014-07-31 12:21:49] myapp.DEBUG: > GET /get_job_illuminate [] []
[2014-07-31 12:21:49] myapp.DEBUG: < 200 [] []
[2014-07-31 12:21:49] myapp.DEBUG: < 200 [] []
[2014-07-31 12:22:43] myapp.INFO: Matched route "GET_get_job_illuminate" (parameters: "_controller": "{}", "_route": "GET_get_job_illuminate") [] []
[2014-07-31 12:22:43] myapp.DEBUG: > GET /get_job_illuminate [] []
[2014-07-31 12:22:43] myapp.DEBUG: > GET /get_job_illuminate [] []
[2014-07-31 12:22:47] myapp.DEBUG: < 200 [] []
[2014-07-31 12:22:47] myapp.DEBUG: < 200 [] []
[2014-07-31 12:23:29] myapp.INFO: Matched route "GET_get_job_illuminate" (parameters: "_controller": "{}", "_route": "GET_get_job_illuminate") [] []
[2014-07-31 12:23:29] myapp.DEBUG: > GET /get_job_illuminate [] []
[2014-07-31 12:23:29] myapp.DEBUG: > GET /get_job_illuminate [] []
[2014-07-31 12:23:45] myapp.INFO: Matched route "GET_add_job_illuminate" (parameters: "_controller": "{}", "_route": "GET_add_job_illuminate") [] []
[2014-07-31 12:23:45] myapp.DEBUG: > GET /add_job_illuminate [] []
[2014-07-31 12:23:45] myapp.DEBUG: > GET /add_job_illuminate [] []
[2014-07-31 12:23:46] myapp.INFO: Logging from queue.job.added.success vai passed Dispatcher Added job 88 [] []
[2014-07-31 12:23:46] myapp.DEBUG: < 200 [] []
[2014-07-31 12:23:46] myapp.DEBUG: < 200 [] []
[2014-07-31 12:23:47] myapp.INFO: Matched route "GET_add_job_illuminate" (parameters: "_controller": "{}", "_route": "GET_add_job_illuminate") [] []
[2014-07-31 12:23:47] myapp.DEBUG: > GET /add_job_illuminate [] []
[2014-07-31 12:23:47] myapp.DEBUG: > GET /add_job_illuminate [] []
[2014-07-31 12:23:47] myapp.INFO: Logging from queue.job.added.success vai passed Dispatcher Added job 89 [] []
[2014-07-31 12:23:47] myapp.DEBUG: < 200 [] []
[2014-07-31 12:23:47] myapp.DEBUG: < 200 [] []
[2014-07-31 12:23:47] myapp.INFO: Matched route "GET_add_job_illuminate" (parameters: "_controller": "{}", "_route": "GET_add_job_illuminate") [] []
[2014-07-31 12:23:47] myapp.DEBUG: > GET /add_job_illuminate [] []
[2014-07-31 12:23:47] myapp.DEBUG: > GET /add_job_illuminate [] []
[2014-07-31 12:23:47] myapp.INFO: Logging from queue.job.added.success vai passed Dispatcher Added job 90 [] []
[2014-07-31 12:23:47] myapp.DEBUG: < 200 [] []
[2014-07-31 12:23:47] myapp.DEBUG: < 200 [] []
[2014-07-31 12:23:48] myapp.INFO: Matched route "GET_add_job_illuminate" (parameters: "_controller": "{}", "_route": "GET_add_job_illuminate") [] []
[2014-07-31 12:23:48] myapp.INFO: Matched route "GET_add_job_illuminate" (parameters: "_controller": "{}", "_route": "GET_add_job_illuminate") [] []
[2014-07-31 12:23:48] myapp.DEBUG: > GET /add_job_illuminate [] []
[2014-07-31 12:23:48] myapp.DEBUG: > GET /add_job_illuminate [] []
[2014-07-31 12:23:48] myapp.DEBUG: > GET /add_job_illuminate [] []
[2014-07-31 12:23:48] myapp.DEBUG: > GET /add_job_illuminate [] []
[2014-07-31 12:23:48] myapp.INFO: Logging from queue.job.added.success vai passed Dispatcher Added job 91 [] []
[2014-07-31 12:23:48] myapp.INFO: Logging from queue.job.added.success vai passed Dispatcher Added job 92 [] []
[2014-07-31 12:23:48] myapp.DEBUG: < 200 [] []
[2014-07-31 12:23:48] myapp.DEBUG: < 200 [] []
[2014-07-31 12:23:48] myapp.DEBUG: < 200 [] []
[2014-07-31 12:23:48] myapp.DEBUG: < 200 [] []
[2014-07-31 12:23:48] myapp.INFO: Matched route "GET_add_job_illuminate" (parameters: "_controller": "{}", "_route": "GET_add_job_illuminate") [] []
[2014-07-31 12:23:48] myapp.DEBUG: > GET /add_job_illuminate [] []
[2014-07-31 12:23:48] myapp.DEBUG: > GET /add_job_illuminate [] []
[2014-07-31 12:23:48] myapp.INFO: Logging from queue.job.added.success vai passed Dispatcher Added job 93 [] []
[2014-07-31 12:23:48] myapp.DEBUG: < 200 [] []
[2014-07-31 12:23:48] myapp.DEBUG: < 200 [] []
[2014-07-31 12:23:49] myapp.INFO: Matched route "GET_add_job_illuminate" (parameters: "_controller": "{}", "_route": "GET_add_job_illuminate") [] []
[2014-07-31 12:23:49] myapp.DEBUG: > GET /add_job_illuminate [] []
[2014-07-31 12:23:49] myapp.DEBUG: > GET /add_job_illuminate [] []
[2014-07-31 12:23:49] myapp.INFO: Logging from queue.job.added.success vai passed Dispatcher Added job 94 [] []
[2014-07-31 12:23:49] myapp.DEBUG: < 200 [] []
[2014-07-31 12:23:49] myapp.DEBUG: < 200 [] []
[2014-07-31 12:23:49] myapp.INFO: Matched route "GET_add_job_illuminate" (parameters: "_controller": "{}", "_route": "GET_add_job_illuminate") [] []
[2014-07-31 12:23:49] myapp.DEBUG: > GET /add_job_illuminate [] []
[2014-07-31 12:23:49] myapp.DEBUG: > GET /add_job_illuminate [] []
[2014-07-31 12:23:49] myapp.INFO: Logging from queue.job.added.success vai passed Dispatcher Added job 95 [] []
[2014-07-31 12:23:49] myapp.DEBUG: < 200 [] []
[2014-07-31 12:23:49] myapp.DEBUG: < 200 [] []
[2014-07-31 12:23:49] myapp.INFO: Matched route "GET_add_job_illuminate" (parameters: "_controller": "{}", "_route": "GET_add_job_illuminate") [] []
[2014-07-31 12:23:49] myapp.DEBUG: > GET /add_job_illuminate [] []
[2014-07-31 12:23:49] myapp.DEBUG: > GET /add_job_illuminate [] []
[2014-07-31 12:23:49] myapp.INFO: Logging from queue.job.added.success vai passed Dispatcher Added job 96 [] []
[2014-07-31 12:23:49] myapp.DEBUG: < 200 [] []
[2014-07-31 12:23:49] myapp.DEBUG: < 200 [] []
[2014-07-31 12:23:59] myapp.INFO: Matched route "GET_add_job_illuminate" (parameters: "_controller": "{}", "_route": "GET_add_job_illuminate") [] []
[2014-07-31 12:23:59] myapp.DEBUG: > GET /add_job_illuminate [] []
[2014-07-31 12:23:59] myapp.DEBUG: > GET /add_job_illuminate [] []
[2014-07-31 12:23:59] myapp.INFO: Logging from queue.job.added.success vai passed Dispatcher Added job 97 [] []
[2014-07-31 12:23:59] myapp.DEBUG: < 200 [] []
[2014-07-31 12:23:59] myapp.DEBUG: < 200 [] []
[2014-07-31 12:24:03] myapp.INFO: Matched route "GET_get_job_illuminate" (parameters: "_controller": "{}", "_route": "GET_get_job_illuminate") [] []
[2014-07-31 12:24:03] myapp.DEBUG: > GET /get_job_illuminate [] []
[2014-07-31 12:24:03] myapp.DEBUG: > GET /get_job_illuminate [] []
[2014-07-31 12:24:03] myapp.DEBUG: < 200 [] []
[2014-07-31 12:24:03] myapp.DEBUG: < 200 [] []
[2014-07-31 12:24:28] myapp.INFO: Matched route "GET_get_job_illuminate" (parameters: "_controller": "{}", "_route": "GET_get_job_illuminate") [] []
[2014-07-31 12:24:28] myapp.DEBUG: > GET /get_job_illuminate [] []
[2014-07-31 12:24:28] myapp.DEBUG: > GET /get_job_illuminate [] []
[2014-07-31 12:24:28] myapp.DEBUG: < 200 [] []
[2014-07-31 12:24:28] myapp.DEBUG: < 200 [] []
[2014-07-31 12:25:40] myapp.INFO: Matched route "GET_get_job_illuminate" (parameters: "_controller": "{}", "_route": "GET_get_job_illuminate") [] []
[2014-07-31 12:25:40] myapp.DEBUG: > GET /get_job_illuminate [] []
[2014-07-31 12:25:40] myapp.DEBUG: > GET /get_job_illuminate [] []
[2014-07-31 12:25:40] myapp.DEBUG: < 200 [] []
[2014-07-31 12:25:40] myapp.DEBUG: < 200 [] []
[2014-07-31 12:26:06] myapp.INFO: Matched route "GET_get_job_illuminate" (parameters: "_controller": "{}", "_route": "GET_get_job_illuminate") [] []
[2014-07-31 12:26:06] myapp.DEBUG: > GET /get_job_illuminate [] []
[2014-07-31 12:26:06] myapp.DEBUG: > GET /get_job_illuminate [] []
[2014-07-31 12:26:06] myapp.DEBUG: < 200 [] []
[2014-07-31 12:26:06] myapp.DEBUG: < 200 [] []
[2014-07-31 12:27:39] myapp.INFO: Matched route "GET_get_job_illuminate" (parameters: "_controller": "{}", "_route": "GET_get_job_illuminate") [] []
[2014-07-31 12:27:39] myapp.DEBUG: > GET /get_job_illuminate [] []
[2014-07-31 12:27:39] myapp.DEBUG: > GET /get_job_illuminate [] []
[2014-07-31 12:27:39] myapp.DEBUG: < 200 [] []
[2014-07-31 12:27:39] myapp.DEBUG: < 200 [] []
[2014-07-31 12:28:50] myapp.INFO: Matched route "GET_get_job_illuminate" (parameters: "_controller": "{}", "_route": "GET_get_job_illuminate") [] []
[2014-07-31 12:28:50] myapp.DEBUG: > GET /get_job_illuminate [] []
[2014-07-31 12:28:50] myapp.DEBUG: > GET /get_job_illuminate [] []
[2014-07-31 12:28:51] myapp.DEBUG: < 200 [] []
[2014-07-31 12:28:51] myapp.DEBUG: < 200 [] []
[2014-07-31 12:29:25] myapp.INFO: Matched route "GET_get_job_illuminate" (parameters: "_controller": "{}", "_route": "GET_get_job_illuminate") [] []
[2014-07-31 12:29:25] myapp.DEBUG: > GET /get_job_illuminate [] []
[2014-07-31 12:29:25] myapp.DEBUG: > GET /get_job_illuminate [] []
[2014-07-31 12:29:25] myapp.DEBUG: < 200 [] []
[2014-07-31 12:29:25] myapp.DEBUG: < 200 [] []
[2014-07-31 12:29:33] myapp.INFO: Matched route "GET_get_job_illuminate" (parameters: "_controller": "{}", "_route": "GET_get_job_illuminate") [] []
[2014-07-31 12:29:33] myapp.DEBUG: > GET /get_job_illuminate [] []
[2014-07-31 12:29:33] myapp.DEBUG: > GET /get_job_illuminate [] []
[2014-07-31 12:29:33] myapp.DEBUG: < 200 [] []
[2014-07-31 12:29:33] myapp.DEBUG: < 200 [] []
[2014-07-31 12:31:23] myapp.INFO: Matched route "GET_get_job_illuminate" (parameters: "_controller": "{}", "_route": "GET_get_job_illuminate") [] []
[2014-07-31 12:31:23] myapp.DEBUG: > GET /get_job_illuminate [] []
[2014-07-31 12:31:23] myapp.DEBUG: > GET /get_job_illuminate [] []
[2014-07-31 12:31:23] myapp.DEBUG: < 200 [] []
[2014-07-31 12:31:23] myapp.DEBUG: < 200 [] []
[2014-07-31 12:40:58] myapp.INFO: Matched route "GET_add_job_illuminate" (parameters: "_controller": "{}", "_route": "GET_add_job_illuminate") [] []
[2014-07-31 12:40:58] myapp.DEBUG: > GET /add_job_illuminate [] []
[2014-07-31 12:40:58] myapp.DEBUG: > GET /add_job_illuminate [] []
[2014-07-31 12:40:58] myapp.INFO: Matched route "GET_add_job_illuminate" (parameters: "_controller": "{}", "_route": "GET_add_job_illuminate") [] []
[2014-07-31 12:40:58] myapp.DEBUG: > GET /add_job_illuminate [] []
[2014-07-31 12:40:58] myapp.DEBUG: > GET /add_job_illuminate [] []
[2014-07-31 12:40:58] myapp.INFO: Logging from queue.job.added.success vai passed Dispatcher Added job 98 [] []
[2014-07-31 12:40:58] myapp.INFO: Logging from queue.job.added.success vai passed Dispatcher Added job 99 [] []
[2014-07-31 12:40:58] myapp.DEBUG: < 200 [] []
[2014-07-31 12:40:58] myapp.DEBUG: < 200 [] []
[2014-07-31 12:40:58] myapp.DEBUG: < 200 [] []
[2014-07-31 12:40:58] myapp.DEBUG: < 200 [] []
[2014-07-31 12:46:26] myapp.INFO: Matched route "GET_example_query" (parameters: "_controller": "{}", "_route": "GET_example_query") [] []
[2014-07-31 12:46:26] myapp.DEBUG: > GET /example_query [] []
[2014-07-31 12:46:26] myapp.DEBUG: > GET /example_query [] []
[2014-07-31 12:46:26] myapp.DEBUG: < 200 [] []
[2014-07-31 12:46:26] myapp.DEBUG: < 200 [] []
[2014-07-31 12:49:57] myapp.INFO: Matched route "GET_add_job_illuminate" (parameters: "_controller": "{}", "_route": "GET_add_job_illuminate") [] []
[2014-07-31 12:49:57] myapp.DEBUG: > GET /add_job_illuminate [] []
[2014-07-31 12:49:57] myapp.DEBUG: > GET /add_job_illuminate [] []
[2014-07-31 12:49:57] myapp.INFO: Logging from queue.job.added.success vai passed Dispatcher Added job 100 [] []
[2014-07-31 12:49:57] myapp.DEBUG: < 200 [] []
[2014-07-31 12:49:57] myapp.DEBUG: < 200 [] []
[2014-07-31 12:50:05] myapp.INFO: Matched route "GET_add_job_illuminate" (parameters: "_controller": "{}", "_route": "GET_add_job_illuminate") [] []
[2014-07-31 12:50:05] myapp.DEBUG: > GET /add_job_illuminate [] []
[2014-07-31 12:50:05] myapp.DEBUG: > GET /add_job_illuminate [] []
[2014-07-31 12:50:06] myapp.INFO: Logging from queue.job.added.success vai passed Dispatcher Added job 101 [] []
[2014-07-31 12:50:06] myapp.DEBUG: < 200 [] []
[2014-07-31 12:50:06] myapp.DEBUG: < 200 [] []
[2014-07-31 12:50:07] myapp.INFO: Matched route "GET_add_job_illuminate" (parameters: "_controller": "{}", "_route": "GET_add_job_illuminate") [] []
[2014-07-31 12:50:07] myapp.DEBUG: > GET /add_job_illuminate [] []
[2014-07-31 12:50:07] myapp.DEBUG: > GET /add_job_illuminate [] []
[2014-07-31 12:50:07] myapp.INFO: Logging from queue.job.added.success vai passed Dispatcher Added job 102 [] []
[2014-07-31 12:50:07] myapp.DEBUG: < 200 [] []
[2014-07-31 12:50:07] myapp.DEBUG: < 200 [] []
[2014-07-31 12:50:16] myapp.INFO: Matched route "GET_get_job_illuminate" (parameters: "_controller": "{}", "_route": "GET_get_job_illuminate") [] []
[2014-07-31 12:50:16] myapp.DEBUG: > GET /get_job_illuminate [] []
[2014-07-31 12:50:16] myapp.DEBUG: > GET /get_job_illuminate [] []
[2014-07-31 12:50:16] myapp.DEBUG: < 200 [] []
[2014-07-31 12:50:16] myapp.DEBUG: < 200 [] []
